\BOOKMARK [1][-]{section.1}{Abstract}{}% 1
\BOOKMARK [2][-]{subsection.1.1}{Bacino d'utenza}{section.1}% 2
\BOOKMARK [1][-]{section.2}{Utenti}{}% 3
\BOOKMARK [1][-]{section.3}{Struttura del sito}{}% 4
\BOOKMARK [1][-]{section.4}{Accessibilit\340}{}% 5
\BOOKMARK [2][-]{subsection.4.1}{Colori}{section.4}% 6
\BOOKMARK [2][-]{subsection.4.2}{Tag}{section.4}% 7
\BOOKMARK [3][-]{subsubsection.4.2.1}{Tag WAI-ARIA}{subsection.4.2}% 8
\BOOKMARK [2][-]{subsection.4.3}{Dispositivi}{section.4}% 9
\BOOKMARK [2][-]{subsection.4.4}{Contenuto}{section.4}% 10
\BOOKMARK [1][-]{section.5}{Tecnologie utilizzate}{}% 11
\BOOKMARK [2][-]{subsection.5.1}{HTML 5}{section.5}% 12
\BOOKMARK [2][-]{subsection.5.2}{PHP}{section.5}% 13
\BOOKMARK [3][-]{subsubsection.5.2.1}{Dinamicit\340}{subsection.5.2}% 14
\BOOKMARK [3][-]{subsubsection.5.2.2}{Sicurezza}{subsection.5.2}% 15
\BOOKMARK [2][-]{subsection.5.3}{JavaScript}{section.5}% 16
\BOOKMARK [3][-]{subsubsection.5.3.1}{Librerie}{subsection.5.3}% 17
\BOOKMARK [2][-]{subsection.5.4}{Database}{section.5}% 18
\BOOKMARK [1][-]{section.6}{Gerarchia dei file}{}% 19
\BOOKMARK [1][-]{section.7}{Validazione e Test}{}% 20
\BOOKMARK [1][-]{section.8}{Gestione dati}{}% 21
\BOOKMARK [2][-]{subsection.8.1}{Database}{section.8}% 22
\BOOKMARK [2][-]{subsection.8.2}{Caricamento delle immagini}{section.8}% 23
